Generated at 2015-06-16 13:45:15 -0700
RuntimeError: netapp_aggregate[aggrdemo] (myapp::aggrcreate line 1) had an error: RuntimeError: aggregate create failed.Error no- 13005. Reason- Unable to find API: aggr-create on node vserver koj-vsim1.
C:/Users/koj/chef-repo/cookbooks/netapp/libraries/netapp_api.rb:76:in `check_errors!'
C:/Users/koj/chef-repo/cookbooks/netapp/libraries/netapp_api.rb:55:in `invoke'
C:\Users\koj\chef-repo\cookbooks\netapp\providers\aggregate.rb:53:in `block in class_from_file'
c:/opscode/chefdk/embedded/apps/chef/lib/chef/provider/lwrp_base.rb:138:in `instance_eval'
c:/opscode/chefdk/embedded/apps/chef/lib/chef/provider/lwrp_base.rb:138:in `block in action'
c:/opscode/chefdk/embedded/apps/chef/lib/chef/provider.rb:134:in `run_action'
c:/opscode/chefdk/embedded/apps/chef/lib/chef/resource.rb:562:in `run_action'
c:/opscode/chefdk/embedded/apps/chef/lib/chef/runner.rb:49:in `run_action'
c:/opscode/chefdk/embedded/apps/chef/lib/chef/runner.rb:81:in `block (2 levels) in converge'
c:/opscode/chefdk/embedded/apps/chef/lib/chef/runner.rb:81:in `each'
c:/opscode/chefdk/embedded/apps/chef/lib/chef/runner.rb:81:in `block in converge'
c:/opscode/chefdk/embedded/apps/chef/lib/chef/resource_collection/resource_list.rb:83:in `block in execute_each_resource'
c:/opscode/chefdk/embedded/apps/chef/lib/chef/resource_collection/stepable_iterator.rb:116:in `call'
c:/opscode/chefdk/embedded/apps/chef/lib/chef/resource_collection/stepable_iterator.rb:116:in `call_iterator_block'
c:/opscode/chefdk/embedded/apps/chef/lib/chef/resource_collection/stepable_iterator.rb:85:in `step'
c:/opscode/chefdk/embedded/apps/chef/lib/chef/resource_collection/stepable_iterator.rb:104:in `iterate'
c:/opscode/chefdk/embedded/apps/chef/lib/chef/resource_collection/stepable_iterator.rb:55:in `each_with_index'
c:/opscode/chefdk/embedded/apps/chef/lib/chef/resource_collection/resource_list.rb:81:in `execute_each_resource'
c:/opscode/chefdk/embedded/apps/chef/lib/chef/runner.rb:80:in `converge'
c:/opscode/chefdk/embedded/apps/chef/lib/chef/client.rb:339:in `block in converge'
c:/opscode/chefdk/embedded/apps/chef/lib/chef/client.rb:334:in `catch'
c:/opscode/chefdk/embedded/apps/chef/lib/chef/client.rb:334:in `converge'
c:/opscode/chefdk/embedded/apps/chef/lib/chef/client.rb:353:in `converge_and_save'
c:/opscode/chefdk/embedded/apps/chef/lib/chef/client.rb:457:in `run'
c:/opscode/chefdk/embedded/apps/chef/lib/chef/application.rb:253:in `run_with_graceful_exit_option'
c:/opscode/chefdk/embedded/apps/chef/lib/chef/application.rb:230:in `block in run_chef_client'
c:/opscode/chefdk/embedded/apps/chef/lib/chef/local_mode.rb:39:in `with_server_connectivity'
c:/opscode/chefdk/embedded/apps/chef/lib/chef/application.rb:213:in `run_chef_client'
c:/opscode/chefdk/embedded/apps/chef/lib/chef/application/solo.rb:280:in `block in interval_run_chef_client'
c:/opscode/chefdk/embedded/apps/chef/lib/chef/application/solo.rb:269:in `loop'
c:/opscode/chefdk/embedded/apps/chef/lib/chef/application/solo.rb:269:in `interval_run_chef_client'
c:/opscode/chefdk/embedded/apps/chef/lib/chef/application/solo.rb:247:in `run_application'
c:/opscode/chefdk/embedded/apps/chef/lib/chef/application.rb:60:in `run'
c:/opscode/chefdk/embedded/apps/chef/bin/chef-solo:25:in `<top (required)>'
c:/opscode/chefdk/bin/chef-solo:63:in `load'
c:/opscode/chefdk/bin/chef-solo:63:in `<main>'